Build started 6/15/2018 5:32:37 PM.
     1>Project "U:\learn\learn\learn\learn.vcxproj" on node 2 (Build target(s)).
     1>ClCompile:
         C:\apps\MVS12\VC\bin\x86_amd64\CL.exe /c /Zi /nologo /W3 /WX- /Od /Oi /GL /D WIN32 /D _WIN32_WINNT=0x0601 /D NDEBUG /D _CONSOLE /D _UNICODE /D UNICODE /Gm- /EHsc /MD /GS /Gy /fp:precise /Zc:wchar_t /Zc:forScope /Fo"x64\Release\\" /Fd"x64\Release\vc120.pdb" /Gd /TP /errorReport:prompt SortTest.cpp
         SortTest.cpp
       Link:
         C:\apps\MVS12\VC\bin\x86_amd64\link.exe /ERRORREPORT:PROMPT /OUT:"U:\learn\learn\x64\Release\learn.exe" /INCREMENTAL:NO /NOLOGO kernel32.lib user32.lib gdi32.lib winspool.lib comdlg32.lib advapi32.lib shell32.lib ole32.lib oleaut32.lib uuid.lib odbc32.lib odbccp32.lib /MANIFEST /MANIFESTUAC:"level='asInvoker' uiAccess='false'" /manifest:embed /DEBUG /PDB:"U:\learn\learn\x64\Release\learn.pdb" /SUBSYSTEM:CONSOLE /OPT:REF /OPT:ICF /LTCG /TLBID:1 /DYNAMICBASE /NXCOMPAT /IMPLIB:"U:\learn\learn\x64\Release\learn.lib" /MACHINE:X64 x64\Release\cosSin.obj
         x64\Release\HashMapTest.obj
         x64\Release\learn.obj
         x64\Release\SortTest.obj
         x64\Release\adler32.obj
         x64\Release\compress.obj
         x64\Release\deflate.obj
         x64\Release\infblock.obj
         x64\Release\infcodes.obj
         x64\Release\inffast.obj
         x64\Release\inflate.obj
         x64\Release\inftrees.obj
         x64\Release\infutil.obj
         x64\Release\trees.obj
         x64\Release\uncompr.obj
         x64\Release\zutil.obj
         Generating code
         Finished generating code
         learn.vcxproj -> U:\learn\learn\x64\Release\learn.exe
     1>Done Building Project "U:\learn\learn\learn\learn.vcxproj" (Build target(s)).

Build succeeded.

Time Elapsed 00:00:02.53
