Build started 6/14/2018 8:52:21 AM.
     1>Project "U:\learn\learn\learn\learn.vcxproj" on node 2 (Build target(s)).
     1>ClCompile:
         C:\apps\MVS12\VC\bin\x86_amd64\CL.exe /c /Zi /nologo /W3 /WX- /Od /D WIN32 /D _DEBUG /D _CONSOLE /D _UNICODE /D UNICODE /Gm /EHsc /RTC1 /MDd /GS /fp:precise /Zc:wchar_t /Zc:forScope /Fo"x64\Debug\\" /Fd"x64\Debug\vc120.pdb" /Gd /TP /errorReport:prompt SortTest.cpp
         SortTest.cpp
       Link:
         C:\apps\MVS12\VC\bin\x86_amd64\link.exe /ERRORREPORT:PROMPT /OUT:"U:\learn\learn\x64\Debug\learn.exe" /INCREMENTAL /NOLOGO kernel32.lib user32.lib gdi32.lib winspool.lib comdlg32.lib advapi32.lib shell32.lib ole32.lib oleaut32.lib uuid.lib odbc32.lib odbccp32.lib /MANIFEST /MANIFESTUAC:"level='asInvoker' uiAccess='false'" /manifest:embed /DEBUG /PDB:"U:\learn\learn\x64\Debug\learn.pdb" /SUBSYSTEM:CONSOLE /TLBID:1 /DYNAMICBASE /NXCOMPAT /IMPLIB:"U:\learn\learn\x64\Debug\learn.lib" /MACHINE:X64 x64\Debug\cosSin.obj
         x64\Debug\HashMapTest.obj
         x64\Debug\learn.obj
         x64\Debug\SortTest.obj
         x64\Debug\adler32.obj
         x64\Debug\compress.obj
         x64\Debug\deflate.obj
         x64\Debug\infblock.obj
         x64\Debug\infcodes.obj
         x64\Debug\inffast.obj
         x64\Debug\inflate.obj
         x64\Debug\inftrees.obj
         x64\Debug\infutil.obj
         x64\Debug\trees.obj
         x64\Debug\uncompr.obj
         x64\Debug\zutil.obj
         learn.vcxproj -> U:\learn\learn\x64\Debug\learn.exe
     1>Done Building Project "U:\learn\learn\learn\learn.vcxproj" (Build target(s)).

Build succeeded.

Time Elapsed 00:00:03.33
